Testsuite: gov.nasa.jpf.test.basic.MJITest
Tests run: 12, Failures: 0, Errors: 0, Time elapsed: 1.468 sec
------------- Standard Output ---------------
  running jpf with args:
JavaPathfinder core system v8.0 (rev 28+) - (C) 2005-2014 United States Government. All rights reserved.


====================================================== system under test
gov.nasa.jpf.test.basic.MJITest.runTestMethod()

====================================================== search started: 10/12/15 3:40 AM
# entering native <clinit>
# entering native <init>(I)

====================================================== results
no errors detected

====================================================== search finished: 10/12/15 3:40 AM
  running jpf with args:
JavaPathfinder core system v8.0 (rev 28+) - (C) 2005-2014 United States Government. All rights reserved.


====================================================== system under test
gov.nasa.jpf.test.basic.MJITest.runTestMethod()

====================================================== search started: 10/12/15 3:40 AM
# entering native <clinit>
# entering nativeCreateStringArray()

====================================================== results
no errors detected

====================================================== search finished: 10/12/15 3:40 AM
  running jpf with args:
JavaPathfinder core system v8.0 (rev 28+) - (C) 2005-2014 United States Government. All rights reserved.


====================================================== system under test
gov.nasa.jpf.test.basic.MJITest.runTestMethod()

====================================================== search started: 10/12/15 3:40 AM
# entering native <clinit>

====================================================== results
no errors detected

====================================================== search finished: 10/12/15 3:40 AM
  running jpf with args:
JavaPathfinder core system v8.0 (rev 28+) - (C) 2005-2014 United States Government. All rights reserved.


====================================================== system under test
gov.nasa.jpf.test.basic.MJITest.runTestMethod()

====================================================== search started: 10/12/15 3:40 AM
# entering native <clinit>
# entering nativeCreate2DimIntArray()

====================================================== results
no errors detected

====================================================== search finished: 10/12/15 3:40 AM
  running jpf with args:
JavaPathfinder core system v8.0 (rev 28+) - (C) 2005-2014 United States Government. All rights reserved.


====================================================== system under test
gov.nasa.jpf.test.basic.MJITest.runTestMethod()

====================================================== search started: 10/12/15 3:40 AM
# entering native <clinit>
# entering nativeCreateIntArray()

====================================================== results
no errors detected

====================================================== search finished: 10/12/15 3:40 AM
  running jpf with args:
JavaPathfinder core system v8.0 (rev 28+) - (C) 2005-2014 United States Government. All rights reserved.


====================================================== system under test
gov.nasa.jpf.test.basic.MJITest.runTestMethod()

====================================================== search started: 10/12/15 3:40 AM
# entering native <clinit>
## entering testHiddenroundtripException()
## in echo : 20
# entering nativeHiddenRoundtrip: -1
## in atomicStuff : -1
## atomicStuff throwing IllegalArgumentException
# hidden method execution failed, leaving nativeHiddenRoundtrip: gov.nasa.jpf.vm.UncaughtException: uncaught exception in thread main #0 : java.lang.IllegalArgumentException : "negative atomicStuff argument"
## exiting testHiddenroundtripException()

====================================================== results
no errors detected

====================================================== search finished: 10/12/15 3:40 AM
  running jpf with args:
JavaPathfinder core system v8.0 (rev 28+) - (C) 2005-2014 United States Government. All rights reserved.


====================================================== system under test
gov.nasa.jpf.test.basic.MJITest.runTestMethod()

====================================================== search started: 10/12/15 3:40 AM
# entering native <clinit>
# entering nativeException()
java.lang.UnsupportedOperationException: caught me
	at gov.nasa.jpf.test.basic.MJITest.nativeException(gov.nasa.jpf.test.basic.JPF_gov_nasa_jpf_test_basic_MJITest)
	at gov.nasa.jpf.test.basic.MJITest.testNativeException(MJITest.java:115)
	at java.lang.reflect.Method.invoke(gov.nasa.jpf.vm.JPF_java_lang_reflect_Method)
	at gov.nasa.jpf.util.test.TestJPF.runTestMethod(TestJPF.java:648)

====================================================== results
no errors detected

====================================================== search finished: 10/12/15 3:40 AM
  running jpf with args:
JavaPathfinder core system v8.0 (rev 28+) - (C) 2005-2014 United States Government. All rights reserved.


====================================================== system under test
gov.nasa.jpf.test.basic.MJITest.runTestMethod()

====================================================== search started: 10/12/15 3:40 AM
# entering native <clinit>
# entering nativeStaticMethod()

====================================================== results
no errors detected

====================================================== search finished: 10/12/15 3:40 AM
  running jpf with args:
JavaPathfinder core system v8.0 (rev 28+) - (C) 2005-2014 United States Government. All rights reserved.


====================================================== system under test
gov.nasa.jpf.test.basic.MJITest.runTestMethod()

====================================================== search started: 10/12/15 3:40 AM
# entering native <clinit>
# entering nativeCrash()
  running jpf with args:
JavaPathfinder core system v8.0 (rev 28+) - (C) 2005-2014 United States Government. All rights reserved.


====================================================== system under test
gov.nasa.jpf.test.basic.MJITest.runTestMethod()

====================================================== search started: 10/12/15 3:40 AM
# entering native <clinit>
# entering nativeRoundtripLoop(): 42
### roundtrip 43
# entering nativeInnerRoundtrip()
# entering nativeRoundtripLoop(): 42
### roundtrip 46
# entering nativeInnerRoundtrip()
# entering nativeRoundtripLoop(): 42
### roundtrip 49
# entering nativeInnerRoundtrip()
# entering nativeRoundtripLoop(): 42
### roundtrip 52
# entering nativeInnerRoundtrip()
# entering nativeRoundtripLoop(): 42

====================================================== results
no errors detected

====================================================== search finished: 10/12/15 3:40 AM
  running jpf with args:
JavaPathfinder core system v8.0 (rev 28+) - (C) 2005-2014 United States Government. All rights reserved.


====================================================== system under test
gov.nasa.jpf.test.basic.MJITest.runTestMethod()

====================================================== search started: 10/12/15 3:40 AM
# entering native <clinit>
# entering nativeInstanceMethod() d=2.0, c=?, b=true, i=40

====================================================== results
no errors detected

====================================================== search finished: 10/12/15 3:40 AM
  running jpf with args:
JavaPathfinder core system v8.0 (rev 28+) - (C) 2005-2014 United States Government. All rights reserved.


====================================================== system under test
gov.nasa.jpf.test.basic.MJITest.runTestMethod()

====================================================== search started: 10/12/15 3:40 AM
# entering native <clinit>
## entering testHiddenroundtrip()
## in echo : 20
# entering nativeHiddenRoundtrip: 21
## in atomicStuff : 21
## in echo : 22
# exit nativeHiddenRoundtrip: 22
## exiting testHiddenroundtrip()

====================================================== results
no errors detected

====================================================== search finished: 10/12/15 3:40 AM
------------- ---------------- ---------------

Testcase: testNativeInit took 0.497 sec
Testcase: testNativeCreateStringArray took 0.133 sec
Testcase: testNativeClInit took 0.102 sec
Testcase: testNativeCreate2DimIntArray took 0.094 sec
Testcase: testNativeCreateIntArray took 0.091 sec
Testcase: testHiddenRoundtripException took 0.078 sec
Testcase: testNativeException took 0.07 sec
Testcase: testNativeStaticMethod took 0.073 sec
Testcase: testNativeCrash took 0.093 sec
Testcase: testRoundtripLoop took 0.083 sec
Testcase: testNativeInstanceMethod took 0.07 sec
Testcase: testHiddenRoundtrip took 0.06 sec
